npm error code ERESOLVE
npm error ERESOLVE could not resolve
npm error
npm error While resolving: vite@6.3.5
npm error Found: @types/node@16.18.126
npm error node_modules/@types/node
npm error   @types/node@"*" from @jest/console@27.5.1
npm error   node_modules/@jest/console
npm error     @jest/console@"^27.5.1" from @jest/core@27.5.1
npm error     node_modules/@jest/core
npm error       @jest/core@"^27.5.1" from jest@27.5.1
npm error       node_modules/jest
npm error         peer jest@"^27.0.0 || ^28.0.0" from jest-watch-typeahead@1.1.0
npm error         node_modules/jest-watch-typeahead
npm error         1 more (react-scripts)
npm error       1 more (jest-cli)
npm error     @jest/console@"^27.5.1" from @jest/reporters@27.5.1
npm error     node_modules/@jest/reporters
npm error       @jest/reporters@"^27.5.1" from @jest/core@27.5.1
npm error       node_modules/@jest/core
npm error         @jest/core@"^27.5.1" from jest@27.5.1
npm error         node_modules/jest
npm error         1 more (jest-cli)
npm error     2 more (@jest/test-result, jest-runner)
npm error   @types/node@"*" from @jest/core@27.5.1
npm error   node_modules/@jest/core
npm error     @jest/core@"^27.5.1" from jest@27.5.1
npm error     node_modules/jest
npm error       peer jest@"^27.0.0 || ^28.0.0" from jest-watch-typeahead@1.1.0
npm error       node_modules/jest-watch-typeahead
npm error         jest-watch-typeahead@"^1.0.0" from react-scripts@5.0.1
npm error         node_modules/react-scripts
npm error       1 more (react-scripts)
npm error     @jest/core@"^27.5.1" from jest-cli@27.5.1
npm error     node_modules/jest-cli
npm error       jest-cli@"^27.5.1" from jest@27.5.1
npm error       node_modules/jest
npm error         peer jest@"^27.0.0 || ^28.0.0" from jest-watch-typeahead@1.1.0
npm error         node_modules/jest-watch-typeahead
npm error         1 more (react-scripts)
npm error   36 more (@jest/environment, @jest/fake-timers, @jest/reporters, ...)
npm error
npm error Could not resolve dependency:
npm error peerOptional @types/node@"^18.0.0 || ^20.0.0 || >=22.0.0" from vite@6.3.5
npm error node_modules/vite
npm error   peer vite@"^4.0.0 || ^5.0.0 || ^6.0.0" from @storybook/react-vite@8.6.14
npm error   node_modules/@storybook/react-vite
npm error     dev @storybook/react-vite@"8.6.14" from the root project
npm error   peer vite@"^3.0.0 || ^4.0.0 || ^5.0.0 || ^6.0.0" from @joshwooding/vite-plugin-react-docgen-typescript@0.5.0
npm error   node_modules/@joshwooding/vite-plugin-react-docgen-typescript
npm error     @joshwooding/vite-plugin-react-docgen-typescript@"0.5.0" from @storybook/react-vite@8.6.14
npm error     node_modules/@storybook/react-vite
npm error       dev @storybook/react-vite@"8.6.14" from the root project
npm error   1 more (@storybook/builder-vite)
npm error
npm error Conflicting peer dependency: @types/node@22.15.21
npm error node_modules/@types/node
npm error   peerOptional @types/node@"^18.0.0 || ^20.0.0 || >=22.0.0" from vite@6.3.5
npm error   node_modules/vite
npm error     peer vite@"^4.0.0 || ^5.0.0 || ^6.0.0" from @storybook/react-vite@8.6.14
npm error     node_modules/@storybook/react-vite
npm error       dev @storybook/react-vite@"8.6.14" from the root project
npm error     peer vite@"^3.0.0 || ^4.0.0 || ^5.0.0 || ^6.0.0" from @joshwooding/vite-plugin-react-docgen-typescript@0.5.0
npm error     node_modules/@joshwooding/vite-plugin-react-docgen-typescript
npm error       @joshwooding/vite-plugin-react-docgen-typescript@"0.5.0" from @storybook/react-vite@8.6.14
npm error       node_modules/@storybook/react-vite
npm error         dev @storybook/react-vite@"8.6.14" from the root project
npm error     1 more (@storybook/builder-vite)
npm error
npm error Fix the upstream dependency conflict, or retry
npm error this command with --force or --legacy-peer-deps
npm error to accept an incorrect (and potentially broken) dependency resolution.
npm error
npm error
npm error For a full report see:
npm error C:\Users\USER\AppData\Local\npm-cache\_logs\2025-05-25T19_35_47_802Z-eresolve-report.txt
npm error A complete log of this run can be found in: C:\Users\USER\AppData\Local\npm-cache\_logs\2025-05-25T19_35_47_802Z-debug-0.log
